<?xml version="1.0" encoding="UTF-8"?>
<!-- Generated by org.testng.reporters.JUnitXMLReporter -->
<testsuite hostname="DELL-PC" name="Test" tests="7" failures="4" timestamp="14 Oct 2017 06:15:40 GMT" time="113.164" errors="0">
  <testcase name="Login_ValidLogin" time="7.044" classname="testScript.Scenario_Login">
    <failure type="java.lang.AssertionError">
      <![CDATA[java.lang.AssertionError
	at org.junit.Assert.fail(Assert.java:92)
	at org.junit.Assert.fail(Assert.java:100)
	at testScript.Scenario_Login.Login_ValidLogin(Scenario_Login.java:111)
... Removed 24 stack frames]]>
    </failure>
  </testcase> <!-- Login_ValidLogin -->
  <testcase name="Login_inValidLogin" time="7.538" classname="testScript.Scenario_Login"/>
  <testcase name="Login_inValidLogin" time="4.866" classname="testScript.Scenario_Login"/>
  <testcase name="Search_ValidSearch" time="7.663" classname="testScript.Scenario_Search">
    <failure type="java.lang.AssertionError">
      <![CDATA[java.lang.AssertionError
	at org.junit.Assert.fail(Assert.java:92)
	at org.junit.Assert.fail(Assert.java:100)
	at testScript.Scenario_Search.Search_ValidSearch(Scenario_Search.java:38)
... Removed 24 stack frames]]>
    </failure>
  </testcase> <!-- Search_ValidSearch -->
  <testcase name="Search_ValidSearch" time="7.742" classname="testScript.Scenario_Search">
    <failure type="java.lang.AssertionError">
      <![CDATA[java.lang.AssertionError
	at org.junit.Assert.fail(Assert.java:92)
	at org.junit.Assert.fail(Assert.java:100)
	at testScript.Scenario_Search.Search_ValidSearch(Scenario_Search.java:38)
... Removed 24 stack frames]]>
    </failure>
  </testcase> <!-- Search_ValidSearch -->
  <testcase name="Search_ValidSearch" time="4.648" classname="testScript.Scenario_Search">
    <failure type="java.lang.AssertionError">
      <![CDATA[java.lang.AssertionError
	at org.junit.Assert.fail(Assert.java:92)
	at org.junit.Assert.fail(Assert.java:100)
	at testScript.Scenario_Search.Search_ValidSearch(Scenario_Search.java:38)
... Removed 24 stack frames]]>
    </failure>
  </testcase> <!-- Search_ValidSearch -->
  <testcase name="Search_inValidSearch" time="4.052" classname="testScript.Scenario_Search"/>
</testsuite> <!-- Test -->
