<!DOCTYPE html PUBLIC "-//W3C//DTD XHTML 1.1//EN" "http://www.w3.org/TR/xhtml11/DTD/xhtml11.dtd">
<html xmlns="http://www.w3.org/1999/xhtml"><head><title>TestNG Report</title><style type="text/css">table {margin-bottom:10px;border-collapse:collapse;empty-cells:show}th,td {border:1px solid #009;padding:.25em .5em}th {vertical-align:bottom}td {vertical-align:top}table a {font-weight:bold}.stripe td {background-color: #E6EBF9}.num {text-align:right}.passedodd td {background-color: #3F3}.passedeven td {background-color: #0A0}.skippedodd td {background-color: #DDD}.skippedeven td {background-color: #CCC}.failedodd td,.attn {background-color: #F33}.failedeven td,.stripe .attn {background-color: #D00}.stacktrace {white-space:pre;font-family:monospace}.totop {font-size:85%;text-align:center;border-bottom:2px solid #000}</style></head><body><table><tr><th>Test</th><th># Passed</th><th># Skipped</th><th># Failed</th><th>Time (ms)</th><th>Included Groups</th><th>Excluded Groups</th></tr><tr><th colspan="7">Suite</th></tr><tr><td><a href="#t0">Test</a></td><td class="num">3</td><td class="num">0</td><td class="num attn">4</td><td class="num">113,164</td><td></td><td></td></tr></table><table><thead><tr><th>Class</th><th>Method</th><th>Start</th><th>Time (ms)</th></tr></thead><tbody><tr><th colspan="4">Suite</th></tr></tbody><tbody id="t0"><tr><th colspan="4">Test &#8212; failed</th></tr><tr class="failedeven"><td rowspan="1">testScript.Scenario_Login</td><td><a href="#m0">Login_ValidLogin</a></td><td rowspan="1">1507961636470</td><td rowspan="1">7044</td></tr><tr class="failedodd"><td rowspan="3">testScript.Scenario_Search</td><td><a href="#m1">Search_ValidSearch</a></td><td rowspan="3">1507961703065</td><td rowspan="3">7742</td></tr><tr class="failedodd"><td><a href="#m2">Search_ValidSearch</a></td></tr><tr class="failedodd"><td><a href="#m3">Search_ValidSearch</a></td></tr><tr><th colspan="4">Test &#8212; passed</th></tr><tr class="passedeven"><td rowspan="2">testScript.Scenario_Login</td><td><a href="#m4">Login_inValidLogin</a></td><td rowspan="2">1507961672384</td><td rowspan="2">4866</td></tr><tr class="passedeven"><td><a href="#m5">Login_inValidLogin</a></td></tr><tr class="passedodd"><td rowspan="1">testScript.Scenario_Search</td><td><a href="#m6">Search_inValidSearch</a></td><td rowspan="1">1507961735286</td><td rowspan="1">4052</td></tr></tbody></table><h2>Test</h2><h3 id="m0">testScript.Scenario_Login#Login_ValidLogin</h3><table class="result"><tr class="param"><th>Parameter #1</th></tr><tr class="param stripe"><td>{TC_ID=GB_07, Ascript=validLogin, pwd=learn123, execute=y, exp_msg=Hi qtpworld2008g, order=1.0, username=qtpworld2008@gmail.com}</td></tr><tr><th>Exception</th></tr><tr><td><div class="stacktrace">java.lang.AssertionError
	at org.junit.Assert.fail(Assert.java:92)
	at org.junit.Assert.fail(Assert.java:100)
	at testScript.Scenario_Login.Login_ValidLogin(Scenario_Login.java:111)
... Removed 24 stack frames</div></td></tr></table><p class="totop"><a href="#summary">back to summary</a></p><h3 id="m1">testScript.Scenario_Search#Search_ValidSearch</h3><table class="result"><tr class="param"><th>Parameter #1</th></tr><tr class="param stripe"><td>{TC_ID=GB_10, Search_option=Chandler, Ascript=validSearch, execute=y, order=1.0, Exp_result=200.0}</td></tr><tr><th>Exception</th></tr><tr><td><div class="stacktrace">java.lang.AssertionError
	at org.junit.Assert.fail(Assert.java:92)
	at org.junit.Assert.fail(Assert.java:100)
	at testScript.Scenario_Search.Search_ValidSearch(Scenario_Search.java:38)
... Removed 24 stack frames</div></td></tr></table><p class="totop"><a href="#summary">back to summary</a></p><h3 id="m2">testScript.Scenario_Search#Search_ValidSearch</h3><table class="result"><tr class="param"><th>Parameter #1</th></tr><tr class="param stripe"><td>{TC_ID=GB_09, Search_option=Ways, Ascript=validSearch, execute=y, order=1.0, Exp_result=300.0}</td></tr><tr><th>Exception</th></tr><tr><td><div class="stacktrace">java.lang.AssertionError
	at org.junit.Assert.fail(Assert.java:92)
	at org.junit.Assert.fail(Assert.java:100)
	at testScript.Scenario_Search.Search_ValidSearch(Scenario_Search.java:38)
... Removed 24 stack frames</div></td></tr></table><p class="totop"><a href="#summary">back to summary</a></p><h3 id="m3">testScript.Scenario_Search#Search_ValidSearch</h3><table class="result"><tr class="param"><th>Parameter #1</th></tr><tr class="param stripe"><td>{TC_ID=GB_11, Search_option=Jaico, Ascript=validSearch, execute=y, order=1.0, Exp_result=2.0}</td></tr><tr><th>Exception</th></tr><tr><td><div class="stacktrace">java.lang.AssertionError
	at org.junit.Assert.fail(Assert.java:92)
	at org.junit.Assert.fail(Assert.java:100)
	at testScript.Scenario_Search.Search_ValidSearch(Scenario_Search.java:38)
... Removed 24 stack frames</div></td></tr></table><p class="totop"><a href="#summary">back to summary</a></p><h3 id="m4">testScript.Scenario_Login#Login_inValidLogin</h3><table class="result"><tr class="param"><th>Parameter #1</th></tr><tr class="param stripe"><td>{TC_ID=GB_02, Ascript=InValidLogin, pwd=lsdfh, execute=  y, exp_msg=Sorry we were unable to complete this step because :, order=1.0, username=qtpworld2008@gmail.com}</td></tr></table><p class="totop"><a href="#summary">back to summary</a></p><h3 id="m5">testScript.Scenario_Login#Login_inValidLogin</h3><table class="result"><tr class="param"><th>Parameter #1</th></tr><tr class="param stripe"><td>{TC_ID=GB_01, Ascript=inValidLogin          , pwd=lksdj, execute=y  , exp_msg=Sorry we were unable to complete this step because :, order=1.0, username=sahdka}</td></tr></table><p class="totop"><a href="#summary">back to summary</a></p><h3 id="m6">testScript.Scenario_Search#Search_inValidSearch</h3><table class="result"><tr class="param"><th>Parameter #1</th></tr><tr class="param stripe"><td>{TC_ID=GB_08, Search_option=skdh, Ascript=invalidSearch, execute=y, order=1.0, Exp_result=Sorry..&apos;skdh&apos; does not match any product on Rediff Books.}</td></tr></table><p class="totop"><a href="#summary">back to summary</a></p></body></html>