<?xml version="1.0" encoding="UTF-8"?>
<testng-results skipped="0" failed="4" total="7" passed="3">
  <reporter-output>
  </reporter-output>
  <suite name="Suite" duration-ms="162988" started-at="2017-10-08T06:42:40Z" finished-at="2017-10-08T06:45:23Z">
    <groups>
      <group name="qa">
        <method signature="Scenario_Login.Login_ValidLogin(java.util.Map)[pri:0, instance:testScript.Scenario_Login@f5e5e3]" name="Login_ValidLogin" class="testScript.Scenario_Login"/>
        <method signature="Scenario_Login.Login_inValidLogin(java.util.Map)[pri:0, instance:testScript.Scenario_Login@f5e5e3]" name="Login_inValidLogin" class="testScript.Scenario_Login"/>
        <method signature="Scenario_Search.Search_ValidSearch(java.util.Map)[pri:0, instance:testScript.Scenario_Search@16d4b5c]" name="Search_ValidSearch" class="testScript.Scenario_Search"/>
      </group> <!-- qa -->
      <group name="prod">
        <method signature="Scenario_Login.Login_inValidLogin(java.util.Map)[pri:0, instance:testScript.Scenario_Login@f5e5e3]" name="Login_inValidLogin" class="testScript.Scenario_Login"/>
      </group> <!-- prod -->
      <group name="dev">
        <method signature="Scenario_Login.Login_ValidLogin(java.util.Map)[pri:0, instance:testScript.Scenario_Login@f5e5e3]" name="Login_ValidLogin" class="testScript.Scenario_Login"/>
      </group> <!-- dev -->
      <group name="uat">
        <method signature="Scenario_Login.Login_ValidLogin(java.util.Map)[pri:0, instance:testScript.Scenario_Login@f5e5e3]" name="Login_ValidLogin" class="testScript.Scenario_Login"/>
        <method signature="Scenario_Login.Login_inValidLogin(java.util.Map)[pri:0, instance:testScript.Scenario_Login@f5e5e3]" name="Login_inValidLogin" class="testScript.Scenario_Login"/>
        <method signature="Scenario_Search.Search_inValidSearch(java.util.Map)[pri:0, instance:testScript.Scenario_Search@16d4b5c]" name="Search_inValidSearch" class="testScript.Scenario_Search"/>
      </group> <!-- uat -->
    </groups>
    <test name="Test" duration-ms="162988" started-at="2017-10-08T06:42:40Z" finished-at="2017-10-08T06:45:23Z">
      <class name="testScript.Scenario_Search">
        <test-method status="PASS" signature="launchApp(java.lang.String)[pri:0, instance:testScript.Scenario_Search@16d4b5c]" name="launchApp" is-config="true" duration-ms="6626" started-at="2017-10-08T12:14:35Z" finished-at="2017-10-08T12:14:41Z">
          <params>
            <param index="0">
              <value>
                <![CDATA[ff]]>
              </value>
            </param>
          </params>
          <reporter-output>
          </reporter-output>
        </test-method> <!-- launchApp -->
        <test-method status="FAIL" signature="Search_ValidSearch(java.util.Map)[pri:0, instance:testScript.Scenario_Search@16d4b5c]" name="Search_ValidSearch" duration-ms="4560" started-at="2017-10-08T12:14:41Z" data-provider="commondp" finished-at="2017-10-08T12:14:46Z">
          <params>
            <param index="0">
              <value>
                <![CDATA[{TC_ID=GB_09, Search_option=Ways, Ascript=validSearch, execute=y, order=1.0, Exp_result=300.0}]]>
              </value>
            </param>
          </params>
          <exception class="java.lang.AssertionError">
            <full-stacktrace>
              <![CDATA[java.lang.AssertionError
	at org.junit.Assert.fail(Assert.java:92)
	at org.junit.Assert.fail(Assert.java:100)
	at testScript.Scenario_Search.Search_ValidSearch(Unknown Source)
	at sun.reflect.NativeMethodAccessorImpl.invoke0(Native Method)
	at sun.reflect.NativeMethodAccessorImpl.invoke(NativeMethodAccessorImpl.java:62)
	at sun.reflect.DelegatingMethodAccessorImpl.invoke(DelegatingMethodAccessorImpl.java:43)
	at java.lang.reflect.Method.invoke(Method.java:498)
	at org.testng.internal.MethodInvocationHelper.invokeMethod(MethodInvocationHelper.java:85)
	at org.testng.internal.Invoker.invokeMethod(Invoker.java:639)
	at org.testng.internal.Invoker.invokeTestMethod(Invoker.java:816)
	at org.testng.internal.Invoker.invokeTestMethods(Invoker.java:1124)
	at org.testng.internal.TestMethodWorker.invokeTestMethods(TestMethodWorker.java:125)
	at org.testng.internal.TestMethodWorker.run(TestMethodWorker.java:108)
	at org.testng.TestRunner.privateRun(TestRunner.java:774)
	at org.testng.TestRunner.run(TestRunner.java:624)
	at org.testng.SuiteRunner.runTest(SuiteRunner.java:359)
	at org.testng.SuiteRunner.runSequentially(SuiteRunner.java:354)
	at org.testng.SuiteRunner.privateRun(SuiteRunner.java:312)
	at org.testng.SuiteRunner.run(SuiteRunner.java:261)
	at org.testng.SuiteRunnerWorker.runSuite(SuiteRunnerWorker.java:52)
	at org.testng.SuiteRunnerWorker.run(SuiteRunnerWorker.java:86)
	at org.testng.TestNG.runSuitesSequentially(TestNG.java:1215)
	at org.testng.TestNG.runSuitesLocally(TestNG.java:1140)
	at org.testng.TestNG.run(TestNG.java:1048)
	at org.testng.TestNG.privateMain(TestNG.java:1355)
	at org.testng.TestNG.main(TestNG.java:1324)
]]>
            </full-stacktrace>
          </exception> <!-- java.lang.AssertionError -->
          <reporter-output>
          </reporter-output>
        </test-method> <!-- Search_ValidSearch -->
        <test-method status="PASS" signature="tearDown(org.testng.ITestResult)[pri:0, instance:testScript.Scenario_Search@16d4b5c]" name="tearDown" is-config="true" duration-ms="1757" started-at="2017-10-08T12:14:46Z" finished-at="2017-10-08T12:14:47Z">
          <params>
            <param index="0">
              <value>
                <![CDATA[[TestResult name=Search_ValidSearch status=FAILURE method=Scenario_Search.Search_ValidSearch(java.util.Map)[pri:0, instance:testScript.Scenario_Search@16d4b5c] output={null}]]]>
              </value>
            </param>
          </params>
          <reporter-output>
          </reporter-output>
        </test-method> <!-- tearDown -->
        <test-method status="PASS" signature="launchApp(java.lang.String)[pri:0, instance:testScript.Scenario_Search@16d4b5c]" name="launchApp" is-config="true" duration-ms="6464" started-at="2017-10-08T12:14:47Z" finished-at="2017-10-08T12:14:54Z">
          <params>
            <param index="0">
              <value>
                <![CDATA[ff]]>
              </value>
            </param>
          </params>
          <reporter-output>
          </reporter-output>
        </test-method> <!-- launchApp -->
        <test-method status="FAIL" signature="Search_ValidSearch(java.util.Map)[pri:0, instance:testScript.Scenario_Search@16d4b5c]" name="Search_ValidSearch" duration-ms="7336" started-at="2017-10-08T12:14:54Z" data-provider="commondp" finished-at="2017-10-08T12:15:01Z">
          <params>
            <param index="0">
              <value>
                <![CDATA[{TC_ID=GB_10, Search_option=Chandler, Ascript=validSearch, execute=y, order=1.0, Exp_result=200.0}]]>
              </value>
            </param>
          </params>
          <exception class="java.lang.AssertionError">
            <full-stacktrace>
              <![CDATA[java.lang.AssertionError
	at org.junit.Assert.fail(Assert.java:92)
	at org.junit.Assert.fail(Assert.java:100)
	at testScript.Scenario_Search.Search_ValidSearch(Unknown Source)
	at sun.reflect.NativeMethodAccessorImpl.invoke0(Native Method)
	at sun.reflect.NativeMethodAccessorImpl.invoke(NativeMethodAccessorImpl.java:62)
	at sun.reflect.DelegatingMethodAccessorImpl.invoke(DelegatingMethodAccessorImpl.java:43)
	at java.lang.reflect.Method.invoke(Method.java:498)
	at org.testng.internal.MethodInvocationHelper.invokeMethod(MethodInvocationHelper.java:85)
	at org.testng.internal.Invoker.invokeMethod(Invoker.java:639)
	at org.testng.internal.Invoker.invokeTestMethod(Invoker.java:816)
	at org.testng.internal.Invoker.invokeTestMethods(Invoker.java:1124)
	at org.testng.internal.TestMethodWorker.invokeTestMethods(TestMethodWorker.java:125)
	at org.testng.internal.TestMethodWorker.run(TestMethodWorker.java:108)
	at org.testng.TestRunner.privateRun(TestRunner.java:774)
	at org.testng.TestRunner.run(TestRunner.java:624)
	at org.testng.SuiteRunner.runTest(SuiteRunner.java:359)
	at org.testng.SuiteRunner.runSequentially(SuiteRunner.java:354)
	at org.testng.SuiteRunner.privateRun(SuiteRunner.java:312)
	at org.testng.SuiteRunner.run(SuiteRunner.java:261)
	at org.testng.SuiteRunnerWorker.runSuite(SuiteRunnerWorker.java:52)
	at org.testng.SuiteRunnerWorker.run(SuiteRunnerWorker.java:86)
	at org.testng.TestNG.runSuitesSequentially(TestNG.java:1215)
	at org.testng.TestNG.runSuitesLocally(TestNG.java:1140)
	at org.testng.TestNG.run(TestNG.java:1048)
	at org.testng.TestNG.privateMain(TestNG.java:1355)
	at org.testng.TestNG.main(TestNG.java:1324)
]]>
            </full-stacktrace>
          </exception> <!-- java.lang.AssertionError -->
          <reporter-output>
          </reporter-output>
        </test-method> <!-- Search_ValidSearch -->
        <test-method status="PASS" signature="tearDown(org.testng.ITestResult)[pri:0, instance:testScript.Scenario_Search@16d4b5c]" name="tearDown" is-config="true" duration-ms="2005" started-at="2017-10-08T12:15:01Z" finished-at="2017-10-08T12:15:03Z">
          <params>
            <param index="0">
              <value>
                <![CDATA[[TestResult name=Search_ValidSearch status=FAILURE method=Scenario_Search.Search_ValidSearch(java.util.Map)[pri:0, instance:testScript.Scenario_Search@16d4b5c] output={null}]]]>
              </value>
            </param>
          </params>
          <reporter-output>
          </reporter-output>
        </test-method> <!-- tearDown -->
        <test-method status="PASS" signature="launchApp(java.lang.String)[pri:0, instance:testScript.Scenario_Search@16d4b5c]" name="launchApp" is-config="true" duration-ms="6971" started-at="2017-10-08T12:15:03Z" finished-at="2017-10-08T12:15:10Z">
          <params>
            <param index="0">
              <value>
                <![CDATA[ff]]>
              </value>
            </param>
          </params>
          <reporter-output>
          </reporter-output>
        </test-method> <!-- launchApp -->
        <test-method status="FAIL" signature="Search_ValidSearch(java.util.Map)[pri:0, instance:testScript.Scenario_Search@16d4b5c]" name="Search_ValidSearch" duration-ms="2893" started-at="2017-10-08T12:15:10Z" data-provider="commondp" finished-at="2017-10-08T12:15:13Z">
          <params>
            <param index="0">
              <value>
                <![CDATA[{TC_ID=GB_11, Search_option=Jaico, Ascript=validSearch, execute=y, order=1.0, Exp_result=2.0}]]>
              </value>
            </param>
          </params>
          <exception class="java.lang.AssertionError">
            <full-stacktrace>
              <![CDATA[java.lang.AssertionError
	at org.junit.Assert.fail(Assert.java:92)
	at org.junit.Assert.fail(Assert.java:100)
	at testScript.Scenario_Search.Search_ValidSearch(Unknown Source)
	at sun.reflect.NativeMethodAccessorImpl.invoke0(Native Method)
	at sun.reflect.NativeMethodAccessorImpl.invoke(NativeMethodAccessorImpl.java:62)
	at sun.reflect.DelegatingMethodAccessorImpl.invoke(DelegatingMethodAccessorImpl.java:43)
	at java.lang.reflect.Method.invoke(Method.java:498)
	at org.testng.internal.MethodInvocationHelper.invokeMethod(MethodInvocationHelper.java:85)
	at org.testng.internal.Invoker.invokeMethod(Invoker.java:639)
	at org.testng.internal.Invoker.invokeTestMethod(Invoker.java:816)
	at org.testng.internal.Invoker.invokeTestMethods(Invoker.java:1124)
	at org.testng.internal.TestMethodWorker.invokeTestMethods(TestMethodWorker.java:125)
	at org.testng.internal.TestMethodWorker.run(TestMethodWorker.java:108)
	at org.testng.TestRunner.privateRun(TestRunner.java:774)
	at org.testng.TestRunner.run(TestRunner.java:624)
	at org.testng.SuiteRunner.runTest(SuiteRunner.java:359)
	at org.testng.SuiteRunner.runSequentially(SuiteRunner.java:354)
	at org.testng.SuiteRunner.privateRun(SuiteRunner.java:312)
	at org.testng.SuiteRunner.run(SuiteRunner.java:261)
	at org.testng.SuiteRunnerWorker.runSuite(SuiteRunnerWorker.java:52)
	at org.testng.SuiteRunnerWorker.run(SuiteRunnerWorker.java:86)
	at org.testng.TestNG.runSuitesSequentially(TestNG.java:1215)
	at org.testng.TestNG.runSuitesLocally(TestNG.java:1140)
	at org.testng.TestNG.run(TestNG.java:1048)
	at org.testng.TestNG.privateMain(TestNG.java:1355)
	at org.testng.TestNG.main(TestNG.java:1324)
]]>
            </full-stacktrace>
          </exception> <!-- java.lang.AssertionError -->
          <reporter-output>
          </reporter-output>
        </test-method> <!-- Search_ValidSearch -->
        <test-method status="PASS" signature="tearDown(org.testng.ITestResult)[pri:0, instance:testScript.Scenario_Search@16d4b5c]" name="tearDown" is-config="true" duration-ms="1215" started-at="2017-10-08T12:15:13Z" finished-at="2017-10-08T12:15:14Z">
          <params>
            <param index="0">
              <value>
                <![CDATA[[TestResult name=Search_ValidSearch status=FAILURE method=Scenario_Search.Search_ValidSearch(java.util.Map)[pri:0, instance:testScript.Scenario_Search@16d4b5c] output={null}]]]>
              </value>
            </param>
          </params>
          <reporter-output>
          </reporter-output>
        </test-method> <!-- tearDown -->
        <test-method status="PASS" signature="launchApp(java.lang.String)[pri:0, instance:testScript.Scenario_Search@16d4b5c]" name="launchApp" is-config="true" duration-ms="5694" started-at="2017-10-08T12:15:14Z" finished-at="2017-10-08T12:15:20Z">
          <params>
            <param index="0">
              <value>
                <![CDATA[ff]]>
              </value>
            </param>
          </params>
          <reporter-output>
          </reporter-output>
        </test-method> <!-- launchApp -->
        <test-method status="PASS" signature="Search_inValidSearch(java.util.Map)[pri:0, instance:testScript.Scenario_Search@16d4b5c]" name="Search_inValidSearch" duration-ms="2276" started-at="2017-10-08T12:15:20Z" data-provider="commondp" finished-at="2017-10-08T12:15:22Z">
          <params>
            <param index="0">
              <value>
                <![CDATA[{TC_ID=GB_08, Search_option=skdh, Ascript=invalidSearch, execute=y, order=1.0, Exp_result=Sorry..'skdh' does not match any product on Rediff Books.}]]>
              </value>
            </param>
          </params>
          <reporter-output>
          </reporter-output>
        </test-method> <!-- Search_inValidSearch -->
        <test-method status="PASS" signature="tearDown(org.testng.ITestResult)[pri:0, instance:testScript.Scenario_Search@16d4b5c]" name="tearDown" is-config="true" duration-ms="540" started-at="2017-10-08T12:15:22Z" finished-at="2017-10-08T12:15:23Z">
          <params>
            <param index="0">
              <value>
                <![CDATA[[TestResult name=Search_inValidSearch status=SUCCESS method=Scenario_Search.Search_inValidSearch(java.util.Map)[pri:0, instance:testScript.Scenario_Search@16d4b5c] output={null}]]]>
              </value>
            </param>
          </params>
          <reporter-output>
          </reporter-output>
        </test-method> <!-- tearDown -->
      </class> <!-- testScript.Scenario_Search -->
      <class name="testScript.Scenario_Login">
        <test-method status="PASS" signature="initReports()[pri:0, instance:testScript.Scenario_Login@f5e5e3]" name="initReports" is-config="true" duration-ms="310" started-at="2017-10-08T12:12:40Z" finished-at="2017-10-08T12:12:40Z">
          <reporter-output>
          </reporter-output>
        </test-method> <!-- initReports -->
        <test-method status="PASS" signature="launchApp(java.lang.String)[pri:0, instance:testScript.Scenario_Login@f5e5e3]" name="launchApp" is-config="true" duration-ms="7387" started-at="2017-10-08T12:12:41Z" finished-at="2017-10-08T12:12:48Z">
          <params>
            <param index="0">
              <value>
                <![CDATA[ff]]>
              </value>
            </param>
          </params>
          <reporter-output>
          </reporter-output>
        </test-method> <!-- launchApp -->
        <test-method status="FAIL" signature="Login_ValidLogin(java.util.Map)[pri:0, instance:testScript.Scenario_Login@f5e5e3]" name="Login_ValidLogin" duration-ms="81382" started-at="2017-10-08T12:12:48Z" data-provider="commondp" finished-at="2017-10-08T12:14:09Z">
          <params>
            <param index="0">
              <value>
                <![CDATA[{TC_ID=GB_07, Ascript=validLogin, pwd=learn123, execute=Y, exp_msg=Hi ram, order=2.0, username=test1@rediffmail.com}]]>
              </value>
            </param>
          </params>
          <exception class="org.openqa.selenium.NoSuchElementException">
            <message>
              <![CDATA[Unable to locate element: {"method":"id","selector":"username"}
Command duration or timeout: 75.10 seconds
For documentation on this error, please visit: http://seleniumhq.org/exceptions/no_such_element.html
Build info: version: '2.53.0', revision: '35ae25b1534ae328c771e0856c93e187490ca824', time: '2016-03-15 10:43:46'
System info: host: 'DELL-PC', ip: '192.168.0.101', os.name: 'Windows 7', os.arch: 'x86', os.version: '6.1', java.version: '1.8.0_101'
Driver info: org.openqa.selenium.firefox.FirefoxDriver
Capabilities [{applicationCacheEnabled=true, rotatable=false, handlesAlerts=true, databaseEnabled=true, version=43.0.1, platform=WINDOWS, nativeEvents=false, acceptSslCerts=true, webStorageEnabled=true, locationContextEnabled=true, browserName=firefox, takesScreenshot=true, javascriptEnabled=true, cssSelectorsEnabled=true}]
Session ID: 14defe0f-48f5-48d7-9e32-3b57e43a3bd6
*** Element info: {Using=id, value=username}]]>
            </message>
            <full-stacktrace>
              <![CDATA[org.openqa.selenium.NoSuchElementException: Unable to locate element: {"method":"id","selector":"username"}
Command duration or timeout: 75.10 seconds
For documentation on this error, please visit: http://seleniumhq.org/exceptions/no_such_element.html
Build info: version: '2.53.0', revision: '35ae25b1534ae328c771e0856c93e187490ca824', time: '2016-03-15 10:43:46'
System info: host: 'DELL-PC', ip: '192.168.0.101', os.name: 'Windows 7', os.arch: 'x86', os.version: '6.1', java.version: '1.8.0_101'
Driver info: org.openqa.selenium.firefox.FirefoxDriver
Capabilities [{applicationCacheEnabled=true, rotatable=false, handlesAlerts=true, databaseEnabled=true, version=43.0.1, platform=WINDOWS, nativeEvents=false, acceptSslCerts=true, webStorageEnabled=true, locationContextEnabled=true, browserName=firefox, takesScreenshot=true, javascriptEnabled=true, cssSelectorsEnabled=true}]
Session ID: 14defe0f-48f5-48d7-9e32-3b57e43a3bd6
*** Element info: {Using=id, value=username}
	at sun.reflect.NativeConstructorAccessorImpl.newInstance0(Native Method)
	at sun.reflect.NativeConstructorAccessorImpl.newInstance(NativeConstructorAccessorImpl.java:62)
	at sun.reflect.DelegatingConstructorAccessorImpl.newInstance(DelegatingConstructorAccessorImpl.java:45)
	at java.lang.reflect.Constructor.newInstance(Constructor.java:423)
	at org.openqa.selenium.remote.ErrorHandler.createThrowable(ErrorHandler.java:206)
	at org.openqa.selenium.remote.ErrorHandler.throwIfResponseFailed(ErrorHandler.java:158)
	at org.openqa.selenium.remote.RemoteWebDriver.execute(RemoteWebDriver.java:678)
	at org.openqa.selenium.remote.RemoteWebDriver.findElement(RemoteWebDriver.java:363)
	at org.openqa.selenium.remote.RemoteWebDriver.findElementById(RemoteWebDriver.java:413)
	at org.openqa.selenium.By$ById.findElement(By.java:218)
	at org.openqa.selenium.remote.RemoteWebDriver.findElement(RemoteWebDriver.java:355)
	at org.openqa.selenium.support.pagefactory.DefaultElementLocator.findElement(DefaultElementLocator.java:69)
	at org.openqa.selenium.support.pagefactory.internal.LocatingElementHandler.invoke(LocatingElementHandler.java:38)
	at com.sun.proxy.$Proxy9.getText(Unknown Source)
	at pageFactory.CommonActions.eleGetText(Unknown Source)
	at testScript.Scenario_Login.Login_ValidLogin(Unknown Source)
	at sun.reflect.NativeMethodAccessorImpl.invoke0(Native Method)
	at sun.reflect.NativeMethodAccessorImpl.invoke(NativeMethodAccessorImpl.java:62)
	at sun.reflect.DelegatingMethodAccessorImpl.invoke(DelegatingMethodAccessorImpl.java:43)
	at java.lang.reflect.Method.invoke(Method.java:498)
	at org.testng.internal.MethodInvocationHelper.invokeMethod(MethodInvocationHelper.java:85)
	at org.testng.internal.Invoker.invokeMethod(Invoker.java:639)
	at org.testng.internal.Invoker.invokeTestMethod(Invoker.java:816)
	at org.testng.internal.Invoker.invokeTestMethods(Invoker.java:1124)
	at org.testng.internal.TestMethodWorker.invokeTestMethods(TestMethodWorker.java:125)
	at org.testng.internal.TestMethodWorker.run(TestMethodWorker.java:108)
	at org.testng.TestRunner.privateRun(TestRunner.java:774)
	at org.testng.TestRunner.run(TestRunner.java:624)
	at org.testng.SuiteRunner.runTest(SuiteRunner.java:359)
	at org.testng.SuiteRunner.runSequentially(SuiteRunner.java:354)
	at org.testng.SuiteRunner.privateRun(SuiteRunner.java:312)
	at org.testng.SuiteRunner.run(SuiteRunner.java:261)
	at org.testng.SuiteRunnerWorker.runSuite(SuiteRunnerWorker.java:52)
	at org.testng.SuiteRunnerWorker.run(SuiteRunnerWorker.java:86)
	at org.testng.TestNG.runSuitesSequentially(TestNG.java:1215)
	at org.testng.TestNG.runSuitesLocally(TestNG.java:1140)
	at org.testng.TestNG.run(TestNG.java:1048)
	at org.testng.TestNG.privateMain(TestNG.java:1355)
	at org.testng.TestNG.main(TestNG.java:1324)
Caused by: org.openqa.selenium.NoSuchElementException: Unable to locate element: {"method":"id","selector":"username"}
For documentation on this error, please visit: http://seleniumhq.org/exceptions/no_such_element.html
Build info: version: '2.53.0', revision: '35ae25b1534ae328c771e0856c93e187490ca824', time: '2016-03-15 10:43:46'
System info: host: 'DELL-PC', ip: '192.168.0.101', os.name: 'Windows 7', os.arch: 'x86', os.version: '6.1', java.version: '1.8.0_101'
Driver info: driver.version: unknown
	at <anonymous class>.FirefoxDriver.prototype.findElementInternal_(file:///C:/Users/DELL/AppData/Local/Temp/anonymous5063750192646076316webdriver-profile/extensions/fxdriver@googlecode.com/components/driver-component.js:10770)
	at <anonymous class>.fxdriver.Timer.prototype.setTimeout/<.notify(file:///C:/Users/DELL/AppData/Local/Temp/anonymous5063750192646076316webdriver-profile/extensions/fxdriver@googlecode.com/components/driver-component.js:625)
]]>
            </full-stacktrace>
          </exception> <!-- org.openqa.selenium.NoSuchElementException -->
          <reporter-output>
          </reporter-output>
        </test-method> <!-- Login_ValidLogin -->
        <test-method status="PASS" signature="tearDown(org.testng.ITestResult)[pri:0, instance:testScript.Scenario_Login@f5e5e3]" name="tearDown" is-config="true" duration-ms="1010" started-at="2017-10-08T12:14:09Z" finished-at="2017-10-08T12:14:10Z">
          <params>
            <param index="0">
              <value>
                <![CDATA[[TestResult name=Login_ValidLogin status=FAILURE method=Scenario_Login.Login_ValidLogin(java.util.Map)[pri:0, instance:testScript.Scenario_Login@f5e5e3] output={null}]]]>
              </value>
            </param>
          </params>
          <reporter-output>
          </reporter-output>
        </test-method> <!-- tearDown -->
        <test-method status="PASS" signature="launchApp(java.lang.String)[pri:0, instance:testScript.Scenario_Login@f5e5e3]" name="launchApp" is-config="true" duration-ms="7795" started-at="2017-10-08T12:14:10Z" finished-at="2017-10-08T12:14:18Z">
          <params>
            <param index="0">
              <value>
                <![CDATA[ff]]>
              </value>
            </param>
          </params>
          <reporter-output>
          </reporter-output>
        </test-method> <!-- launchApp -->
        <test-method status="PASS" signature="Login_inValidLogin(java.util.Map)[pri:0, instance:testScript.Scenario_Login@f5e5e3]" name="Login_inValidLogin" duration-ms="3960" started-at="2017-10-08T12:14:18Z" data-provider="commondp" finished-at="2017-10-08T12:14:22Z">
          <params>
            <param index="0">
              <value>
                <![CDATA[{TC_ID=GB_01, Ascript=inValidLogin          , pwd=lksdj, execute=y  , exp_msg=Sorry we were unable to complete this step because :, order=1.0, username=sahdka}]]>
              </value>
            </param>
          </params>
          <reporter-output>
          </reporter-output>
        </test-method> <!-- Login_inValidLogin -->
        <test-method status="PASS" signature="tearDown(org.testng.ITestResult)[pri:0, instance:testScript.Scenario_Login@f5e5e3]" name="tearDown" is-config="true" duration-ms="525" started-at="2017-10-08T12:14:22Z" finished-at="2017-10-08T12:14:23Z">
          <params>
            <param index="0">
              <value>
                <![CDATA[[TestResult name=Login_inValidLogin status=SUCCESS method=Scenario_Login.Login_inValidLogin(java.util.Map)[pri:0, instance:testScript.Scenario_Login@f5e5e3] output={null}]]]>
              </value>
            </param>
          </params>
          <reporter-output>
          </reporter-output>
        </test-method> <!-- tearDown -->
        <test-method status="PASS" signature="launchApp(java.lang.String)[pri:0, instance:testScript.Scenario_Login@f5e5e3]" name="launchApp" is-config="true" duration-ms="7447" started-at="2017-10-08T12:14:23Z" finished-at="2017-10-08T12:14:30Z">
          <params>
            <param index="0">
              <value>
                <![CDATA[ff]]>
              </value>
            </param>
          </params>
          <reporter-output>
          </reporter-output>
        </test-method> <!-- launchApp -->
        <test-method status="PASS" signature="Login_inValidLogin(java.util.Map)[pri:0, instance:testScript.Scenario_Login@f5e5e3]" name="Login_inValidLogin" duration-ms="3780" started-at="2017-10-08T12:14:30Z" data-provider="commondp" finished-at="2017-10-08T12:14:34Z">
          <params>
            <param index="0">
              <value>
                <![CDATA[{TC_ID=GB_02, Ascript=InValidLogin, pwd=lsdfh, execute=  y, exp_msg=Sorry we were unable to complete this step because :, order=1.0, username=qtpworld2008@gmail.com}]]>
              </value>
            </param>
          </params>
          <reporter-output>
          </reporter-output>
        </test-method> <!-- Login_inValidLogin -->
        <test-method status="PASS" signature="tearDown(org.testng.ITestResult)[pri:0, instance:testScript.Scenario_Login@f5e5e3]" name="tearDown" is-config="true" duration-ms="512" started-at="2017-10-08T12:14:34Z" finished-at="2017-10-08T12:14:34Z">
          <params>
            <param index="0">
              <value>
                <![CDATA[[TestResult name=Login_inValidLogin status=SUCCESS method=Scenario_Login.Login_inValidLogin(java.util.Map)[pri:0, instance:testScript.Scenario_Login@f5e5e3] output={null}]]]>
              </value>
            </param>
          </params>
          <reporter-output>
          </reporter-output>
        </test-method> <!-- tearDown -->
      </class> <!-- testScript.Scenario_Login -->
    </test> <!-- Test -->
  </suite> <!-- Suite -->
</testng-results>
